<?xml version="1.0" encoding="UTF-8"?>
<!-- Generated by org.testng.reporters.JUnitReportReporter -->
<testsuite hostname="LAPTOP-8PN3JMD9" failures="0" tests="2" name="tc.TestCases" time="8.202" errors="0" timestamp="2022-04-27T18:28:24 IST" skipped="1">
  <testcase classname="tc.TestCases" name="tc02_verifySignIn" time="8.202"/>
  <system-out>
    <![CDATA[User Yeda Anna logged in Successfully]]>
  </system-out>
  <testcase classname="tc.TestCases" name="tc01_signup">
    <skipped/>
  </testcase> <!-- tc01_signup -->
  <system-out/>
</testsuite> <!-- tc.TestCases -->
