<?xml version="1.0" encoding="UTF-8"?>
<!-- Generated by org.testng.reporters.JUnitReportReporter -->
<testsuite hostname="LAPTOP-8PN3JMD9" failures="0" tests="2" name="tc.TestCases" time="39.863" errors="0" timestamp="2022-04-25T16:53:11 IST" skipped="1">
  <testcase classname="tc.TestCases" name="tc06_buyProduct" time="39.863"/>
  <system-out>
    <![CDATA[Buy Product Test passed]]>
  </system-out>
  <testcase classname="tc.TestCases" name="tc01_signup">
    <skipped/>
  </testcase> <!-- tc01_signup -->
  <system-out/>
</testsuite> <!-- tc.TestCases -->
